<html>
<body>
<pre>
<h1>µVision Build Log</h1>
<h2>Tool Versions:</h2>
IDE-Version: ¦ÌVision V5.12.0.0
Copyright (C) 2014 ARM Ltd and ARM Germany GmbH. All rights reserved.
License Information: zhao Administrator, °®µÄÉ«·Å, LIC=21EY8-32MLW-LPAZV-PXXBA-9DMAM-K6K9U
 
Tool Versions:
Toolchain:       MDK-ARM Standard  Version: 5.12.0.0
Toolchain Path:  D:\Installsoftware\keil5\ARM\ARMCC\Bin
C Compiler:      Armcc.exe V5.05 (build 41)
Assembler:       Armasm.exe V5.05 (build 41)
Linker/Locator:  ArmLink.exe V5.05 (build 41)
Library Manager: ArmAr.exe V5.05 (build 41)
Hex Converter:   FromElf.exe V5.05 (build 41)
CPU DLL:         SARMCM3.DLL V5.12.0.0
Dialog DLL:      DCM.DLL V1.13.0.0
    Target DLL: Segger\JL2CM3.dll
Dialog DLL:      TCM.DLL V1.14.2.0
 
<h2>Project:</h2>
C:\Users\Administrator\Desktop\OSAL\project\OSAL.uvprojx
Project File Date:  12/09/2018

<h2>Output:</h2>
Build target 'OSAL'
compiling mcu.c...
linking...
Program Size: Code=4392 RO-data=360 RW-data=96 ZI-data=1632  
".\Objects\OSAL.axf" - 0 Error(s), 0 Warning(s).

<h2>Collection of Component include folders:</h2>
  C:\Users\Administrator\Desktop\OSAL\project\RTE
  D:\Installsoftware\keil5\ARM\PACK\Keil\STM32F1xx_DFP\1.1.0\Device\Include

<h2>Collection of Component Files used:</h2>
</pre>
</body>
</html>
>
  C:\Users\Administrator\Desktop\OSAL\project\RTE
  D:\Installsoftware\keil5\ARM\PACK\Keil\STM32F1xx_DFP\1.1.0\Device\Include

<h2>Collection of Component Files used:</h2>
Target not created.
_state (referred from osal.o).
.\Objects\OSAL.axf: Error: L6218E: Undefined symbol IWDG_ReloadCounter (referred from mcu.o).
Not enough information to list image symbols.
Finished: 1 information, 0 warning and 2 error messages.
".\Objects\OSAL.axf" - 2 Error(s), 3 Warning(s).

<h2>Collection of Component include folders:</h2>
  C:\Users\Administrator\Desktop\OSAL\project\RTE
  D:\Installsoftware\keil5\ARM\PACK\Keil\STM32F1xx_DFP\1.1.0\Device\Include

<h2>Collection of Component Files used:</h2>
Target not created.
..
compiling stm32f10x_it.c...
..\mcu\src\stm32f10x_it.c(141): error:  #20: identifier "sysGetPastTime" is undefined
     sysGetPastTime++;
..\mcu\src\stm32f10x_it.c(142): error:  #20: identifier "loopPastTime" is undefined
         loopPastTime++;
..\mcu\src\stm32f10x_it.c: 0 warnings, 2 errors
".\Objects\OSAL.axf" - 2 Error(s), 5 Warning(s).

<h2>Collection of Component include folders:</h2>
  C:\Users\Administrator\Desktop\OSAL\project\RTE
  D:\Installsoftware\keil5\ARM\PACK\Keil\STM32F1xx_DFP\1.1.0\Device\Include

<h2>Collection of Component Files used:</h2>
Target not created.
tware\keil5\ARM\PACK\Keil\STM32F1xx_DFP\1.1.0\Device\Include

<h2>Collection of Component Files used:</h2>
Target not created.
): error:  #20: identifier "LAMP_RUN" is undefined
      {LAMP_RUN   ,0,0,0,0},
..\bsp\bsp_lamp.c(32): warning:  #223-D: function "bsp_button_init" declared implicitly
      bsp_button_init();
..\bsp\bsp_lamp.c(33): warning:  #223-D: function "bsp_lamp_init" declared implicitly
      bsp_lamp_init();
..\bsp\bsp_lamp.c: 2 warnings, 14 errors
compiling stm32f10x_it.c...
..\mcu\src\stm32f10x_it.c(141): error:  #20: identifier "sysGetPastTime" is undefined
     sysGetPastTime++;
..\mcu\src\stm32f10x_it.c(142): error:  #20: identifier "loopPastTime" is undefined
         loopPastTime++;
..\mcu\src\stm32f10x_it.c: 0 warnings, 2 errors
".\Objects\OSAL.axf" - 18 Error(s), 3 Warning(s).

<h2>Collection of Component include folders:</h2>
  C:\Users\Administrator\Desktop\OSAL\project\RTE
  D:\Installsoftware\keil5\ARM\PACK\Keil\STM32F1xx_DFP\1.1.0\Device\Include

<h2>Collection of Component Files used:</h2>
Target not created.

..\mcu\inc\mcu_interruts.h(22): warning:  #1-D: last line of file ends without a newline
  #endif
..\hal\hal.c: 1 warning, 9 errors
compiling mcu.c...
..\mcu\inc\mcu_interruts.h(22): warning:  #1-D: last line of file ends without a newline
  #endif
..\mcu\src\mcu.c: 1 warning, 0 errors
compiling stm32f10x_it.c...
..\mcu\src\stm32f10x_it.c(141): error:  #20: identifier "sysGetPastTime" is undefined
     sysGetPastTime++;
..\mcu\src\stm32f10x_it.c(142): error:  #20: identifier "loopPastTime" is undefined
         loopPastTime++;
..\mcu\src\stm32f10x_it.c: 0 warnings, 2 errors
".\Objects\OSAL.axf" - 20 Error(s), 3 Warning(s).

<h2>Collection of Component include folders:</h2>
  C:\Users\Administrator\Desktop\OSAL\project\RTE
  D:\Installsoftware\keil5\ARM\PACK\Keil\STM32F1xx_DFP\1.1.0\Device\Include

<h2>Collection of Component Files used:</h2>
Target not created.
rrors
".\Objects\OSAL.axf" - 22 Error(s), 3 Warning(s).

<h2>Collection of Component include folders:</h2>
  C:\Users\Administrator\Desktop\OSAL\project\RTE
  D:\Installsoftware\keil5\ARM\PACK\Keil\STM32F1xx_DFP\1.1.0\Device\Include

<h2>Collection of Component Files used:</h2>
Target not created.
